         w __deregister_frame_info
         w __register_frame_info
         w _ITM_deregisterTMCloneTable
         w _ITM_registerTMCloneTable
         w _Jv_RegisterClasses
00000000 b _TLS_MODULE_BASE_
00000000 a shift
00000000 a shift
00000000 00002000 b tmp_buffer.7872
00001ff8 b .LANCHOR2
00002000 00000401 b __fixedpath
00002404 00000802 b __utf16path
00002c08 00000802 b __utf16path_old.7943
00100000 a __start__
00100000 T _start
00100008 T __service_ptr
0010000c T __apt_appid
00100010 T __heap_size
00100014 T __linear_heap_size
00100018 T __system_arglist
0010001c T __system_runflags
00100020 t startup
00100058 t ClearMem
0010006c t ClrLoop
00100094 T _init
001000ac T initSystem
001000f0 T __ctru_exit
00100110 t .udivsi3_skip_div0_test
00100110 T __aeabi_uidiv
00100110 000001ec T __udivsi3
001002fc 00000020 T __aeabi_uidivmod
0010031c T __aeabi_idiv
0010031c 00000220 T __divsi3
00100324 t .divsi3_skip_div0_test
0010053c 00000020 T __aeabi_idivmod
0010055c 00000004 W __aeabi_idiv0
0010055c 00000004 W __aeabi_ldiv0
00100560 0000019c T __aeabi_frsub
00100568 00000194 T __aeabi_fsub
00100568 00000194 T __subsf3
0010056c 00000190 T __addsf3
0010056c 00000190 T __aeabi_fadd
001006fc 00000028 T __aeabi_ui2f
001006fc 00000028 T __floatunsisf
00100704 00000020 T __aeabi_i2f
00100704 00000020 T __floatsisf
00100724 0000008c T __aeabi_ul2f
00100724 0000008c T __floatundisf
00100734 0000007c T __aeabi_l2f
00100734 0000007c T __floatdisf
001007b0 T __aeabi_uldivmod
001007ec 00000014 T setjmp
00100800 00000018 T longjmp
00100828 00000390 T strcmp
00100bb0 t deregister_tm_clones
00100be0 t register_tm_clones
00100c18 t __do_global_dtors_aux
00100c5c t frame_dummy
00100cb8 00000144 T main
00100dfc 000002f8 t _sfil_load_PNG_generic
001010f4 00000034 t _sfil_read_png_buffer_fn
00101128 0000004c T sfil_load_PNG_buffer
00101174 00000050 T png_zalloc
001011c4 00000004 T png_zfree
001011c8 000001d0 t png_build_16bit_table
00101398 00000114 t png_colorspace_endpoints_match
001014ac 00000498 t png_free_data.part.3
00101948 00000088 t png_muldiv.part.9
001019d0 00000070 t png_gamma_8bit_correct.part.15
00101a40 00000200 t png_icc_profile_error
00101c40 0000003c T png_set_sig_bytes
00101c7c 00000070 T png_sig_cmp
00101cec 00000020 T png_reset_crc
00101d0c 00000054 T png_calculate_crc
00101d60 00000110 T png_user_version_check
00101e70 00000114 T png_create_png_struct
00101f84 00000040 T png_create_info_struct
00101fc4 000003a0 T png_destroy_info_struct
00102364 00000010 T png_free_data
00102374 0000000c T png_get_io_ptr
00102380 00000094 T png_chunk_unknown_handling
00102414 000000e4 T png_zstream_error
001024f8 00000158 T png_colorspace_set_gamma
00102650 00000084 T png_colorspace_sync
001026d8 00000204 T png_colorspace_set_sRGB
001028dc 00000198 T png_icc_check_length
00102a74 0000037c T png_icc_check_header
00102df0 00000138 T png_icc_check_tag_table
00102f28 00000250 T png_icc_set_sRGB
00103178 00000284 T png_colorspace_set_rgb_coefficients
001033fc 000002ac T png_check_IHDR
001036a8 000002a8 T png_check_fp_number
00103950 000002d4 T png_check_fp_string
00103c28 000000c8 T png_muldiv
00103cf0 00000078 T png_reciprocal
00103d68 00000b6c T png_colorspace_set_chromaticities
001048d4 00000020 T png_gamma_significant
001048f8 000000a0 T png_reciprocal2
00104998 00000090 T png_gamma_8bit_correct
00104a28 00000104 T png_gamma_correct
00104b2c 00000134 T png_destroy_gamma_table
00104c60 00000880 T png_build_gamma_table
001054e0 000001f0 t png_format_buffer.isra.0
001056d0 00000078 T png_safecat
00105748 00000170 T png_format_number
001058b8 0000014c T png_warning
00105a04 000001ac T png_chunk_warning
00105bb0 00000094 T png_free_jmpbuf
00105c44 0000002c T png_longjmp
00105c70 00000060 T png_error
00105cd0 0000015c T png_app_warning
00105e2c 0000015c T png_app_error
00105f88 0000002c T png_chunk_error
00105fb4 000001a4 T png_chunk_benign_error
00106158 000002d4 T png_benign_error
0010642c 000000f0 T png_set_longjmp_fn
0010651c 000002dc T png_chunk_report
001067f8 00000014 T png_set_error_fn
0010680c 0000001c T png_get_valid
00106828 000000a0 T png_get_IHDR
001068c8 00000064 T png_destroy_png_struct
0010692c 00000078 T png_calloc
001069a4 00000030 T png_malloc_base
001069d4 0000008c T png_malloc_array
00106a60 00000104 T png_realloc_array
00106b64 0000005c T png_malloc
00106bc0 00000064 T png_malloc_warn
00106c24 00000024 T png_free
00106c48 00000014 T png_set_mem_fn
00106c5c 00000110 t png_do_read_intrapixel
00106d6c 00000408 t png_read_info.part.3
00107174 00000058 T png_create_read_struct
001071cc 00000010 T png_read_info
001071dc 00000040 T png_read_update_info
0010721c 000003bc T png_read_image
001075d8 00000134 T png_destroy_read_struct
0010770c 00000038 T png_default_read_data
00107744 00000020 T png_read_data
00107764 00000050 T png_set_read_fn
001077b4 00000218 t png_do_gray_to_rgb
001079cc 00001170 t png_do_compose
00108b3c 00000038 T png_set_scale_16
00108b74 0000003c T png_set_expand
00108bb0 0000003c T png_set_palette_to_rgb
00108bec 0000003c T png_set_tRNS_to_alpha
00108c28 00000038 T png_set_gray_to_rgb
00108c60 00000cc4 T png_init_read_transformations
00109924 000002c4 T png_read_transform_info
00109be8 000023f0 T png_do_read_transformations
0010bfd8 000001d0 t png_read_filter_row_sub
0010c1a8 000001ac t png_read_filter_row_up
0010c354 00000080 t png_read_filter_row_avg
0010c3d4 0000008c t png_read_filter_row_paeth_1byte_pixel
0010c460 0000026c t png_read_filter_row_paeth_multibyte_pixel
0010c6cc 00000110 t png_inflate_claim
0010c7dc 000001d0 t png_inflate.constprop.7
0010c9ac 00000158 t png_inflate_read.part.3.constprop.5
0010cb04 000000dc t png_crc_finish.constprop.10
0010cbe0 000002c8 t png_decompress_chunk.constprop.6
0010cea8 000000ac T png_read_sig
0010cf54 00000158 T png_read_chunk_header
0010d0ac 0000015c T png_crc_finish
0010d208 00000178 T png_handle_IHDR
0010d380 00000250 T png_handle_PLTE
0010d5d0 00000054 T png_handle_IEND
0010d624 000000e4 T png_handle_gAMA
0010d708 00000214 T png_handle_sBIT
0010d91c 00000300 T png_handle_cHRM
0010dc1c 00000108 T png_handle_sRGB
0010dd24 000005dc T png_handle_iCCP
0010e300 0000033c T png_handle_sPLT
0010e63c 0000023c T png_handle_tRNS
0010e878 00000224 T png_handle_bKGD
0010ea9c 0000013c T png_handle_hIST
0010ebd8 0000013c T png_handle_pHYs
0010ed14 0000015c T png_handle_oFFs
0010ee70 00000378 T png_handle_pCAL
0010f1e8 00000284 T png_handle_sCAL
0010f46c 00000114 T png_handle_tIME
0010f580 000001c4 T png_handle_tEXt
0010f744 0000024c T png_handle_zTXt
0010f990 00000348 T png_handle_iTXt
0010fcd8 0000036c T png_handle_unknown
00110044 000004dc T png_combine_row
00110520 00000484 T png_do_read_interlace
001109a4 00000090 T png_read_filter_row
00110a34 00000508 T png_read_IDAT_data
00110f3c 00000368 T png_read_finish_row
001112a4 00000340 T png_read_start_row
001115e4 00000050 T png_set_bKGD
00111634 000000ac T png_set_hIST
001116e0 000000dc T png_set_IHDR
001117bc 0000002c T png_set_oFFs
001117e8 00000268 T png_set_pCAL
00111a50 00000164 T png_set_sCAL_s
00111bb4 0000002c T png_set_pHYs
00111be0 0000013c T png_set_PLTE
00111d1c 00000044 T png_set_sBIT
00111d60 00000334 T png_set_text_2
00112094 000000a0 T png_set_tIME
00112134 00000138 T png_set_tRNS
0011226c 00000184 T png_set_sPLT
001123f0 0000018c T png_set_unknown_chunks
0011257c 00000028 T png_set_packing
001125a4 00000030 T png_set_interlace_handling
001125d4 00000088 T png_set_filler
0011265c 000001ec T png_do_invert
00112848 0000004c T png_do_swap
00112894 0000006c T png_do_packswap
00112900 0000022c T png_do_strip_channel
00112b2c 0000013c T png_do_bgr
00112c68 000001d0 T png_do_check_palette_indexes
00112e38 0000044c T adler32
00113284 0000059c T crc32
00113820 0000009c T inflateReset
001138bc 00000120 T inflateReset2
001139dc 00000178 T inflateInit2_
00113b54 00001ffc T inflate
00115b50 00000060 T inflateEnd
00115bb0 00000b64 T inflate_table
00116714 00000008 T zcalloc
0011671c 00000008 T zcfree
00116724 00000df0 T inflate_fast
00117514 00000048 T sf2d_fini
0011755c 000000a0 T sf2d_start_frame_target
001175fc 00000038 T sf2d_start_frame
00117634 00000004 T sf2d_end_frame
00117638 000000b0 T sf2d_swapbuffers
001176e8 00000040 T sf2d_pool_memalign
00117728 00000038 T sf2d_set_clear_color
00117760 000001ac t sf2d_init_advanced.part.0
0011790c 00000028 T sf2d_init
00117934 00000118 T sf2d_create_texture
00117a4c 00000094 T sf2d_create_rendertarget
00117ae0 00000020 T sf2d_free_texture
00117b00 00000014 T sf2d_clear_target
00117b14 00000054 T sf2d_bind_texture
00117b68 000001d4 T sf2d_draw_texture_rotate
00117d3c 00000110 T sf2d_texture_tile32
00117e4c 000002b4 T C3D_UpdateUniforms
00118100 000000c0 T C3Di_DirtyUniforms
001181c0 000000e8 T C3Di_LoadShaderUniforms
001182a8 00000028 T C3Di_ClearShaderUniforms
001182d0 00000028 T AttrInfo_Init
001182f8 000000ac T AttrInfo_AddLoader
001183a4 00000024 T C3D_GetAttrInfo
001183c8 00000080 T C3Di_AttrInfoBind
00118448 0000003c T C3D_DepthMap
00118484 0000001c T C3D_CullFace
001184a0 00000040 T C3D_StencilTest
001184e0 00000024 T C3D_StencilOp
00118504 0000001c T C3D_BlendingColor
00118520 0000002c T C3D_DepthTest
0011854c 0000002c T C3D_AlphaTest
00118578 00000050 T C3D_AlphaBlend
001185c8 00000030 T C3D_FragOpMode
001185f8 0000011c T C3Di_EffectBind
00118714 00000148 T C3D_DrawArrays
0011885c 00000020 T BufInfo_Init
0011887c 00000084 T BufInfo_Add
00118900 00000024 T C3D_GetBufInfo
00118924 00000048 T C3Di_BufInfoBind
0011896c 00000034 T TexEnv_Init
001189a0 00000034 T C3D_GetTexEnv
001189d4 00000024 T C3Di_TexEnvBind
001189f8 000000b8 T C3D_TexInit
00118ab0 000000b8 T C3D_TexInitVRAM
00118b68 00000028 T C3D_TexSetWrap
00118b90 00000034 T C3D_TexBind
00118bc4 0000003c T C3D_TexDelete
00118c00 0000003c t C3Di_RenderQueueWaitDone
00118c3c 00000078 t performTransfer.part.0
00118cb4 00000050 t transferTarget
00118d04 00000024 t onVBlank1
00118d28 0000008c t onVBlank0
00118db4 0000003c t performClear.part.2
00118df0 0000004c t clearTarget
00118e3c 000000c0 t updateFrameQueue.part.4
00118efc 000000e0 t onRenderFinish
00118fdc 000000bc t onTransferFinish
00119098 0000005c t checkRenderQueueInit.part.7
001190f4 00000070 t onClearDone
00119164 0000006c T C3D_FrameBegin
001191d0 00000078 T C3D_FrameDrawOn
00119248 000000cc T C3D_FrameEnd
00119314 000000e0 T C3D_RenderTargetCreate
001193f4 0000007c T C3D_RenderTargetDelete
00119470 00000084 t C3Di_RenderQueueExit
001194f4 00000050 T C3D_RenderTargetSetClear
00119544 00000058 T C3D_RenderTargetSetOutput
0011959c 00000088 t C3Di_AptEventHook
00119624 00000174 T C3D_Init
00119798 00000098 T C3D_SetViewport
00119830 00000584 T C3Di_UpdateContext
00119db4 000000e0 T C3Di_FinalizeFrame
00119e94 00000048 T C3D_Fini
00119edc 000000d4 T C3D_BindProgram
00119fb0 000000c8 T Mtx_OrthoTilt
0011a078 000000a4 T C3D_RenderBufInit
0011a11c 00000080 T C3D_RenderBufClearAsync
0011a19c 00000028 T C3D_RenderBufTransferAsync
0011a1c4 00000038 T C3D_RenderBufBind
0011a1fc 00000170 T C3Di_RenderBufBind
0011a36c 00000018 T C3D_RenderBufDelete
0011a384 000000b4 T C3D_ImmSendAttrib
0011a438 00000024 t addrMapNodeComparator(rbtree_node const*, rbtree_node const*)
0011a45c 00000004 t addrMapNodeDestructor(rbtree_node*)
0011a460 0000013c T linearMemAlign
0011a59c 00000008 T linearAlloc
0011a5a4 00000050 T linearFree
0011a5f4 00000024 t addrMapNodeComparator(rbtree_node const*, rbtree_node const*)
0011a618 00000004 t addrMapNodeDestructor(rbtree_node*)
0011a61c 0000012c T vramMemAlign
0011a748 00000008 T vramAlloc
0011a750 00000050 T vramFree
0011a7a0 0000008c t gfxSetFramebufferInfo.part.0
0011a82c 00000010 T gfxSet3D
0011a83c 00000010 T gfxIs3D
0011a84c 00000018 T __get_bytes_per_pixel
0011a864 00000174 T gfxSetScreenFormat
0011a9d8 00000014 T gfxSetDoubleBuffering
0011a9ec 00000070 T gfxSetFramebufferInfo
0011aa5c 00000088 T gfxWriteFramebufferInfo
0011aae4 000001fc T gfxInit
0011ace0 00000010 T gfxInitDefault
0011acf0 000000e0 T gfxExit
0011add0 000000b0 T gfxGetFramebuffer
0011ae80 000000c8 T gfxFlushBuffers
0011af48 00000070 T gfxConfigScreen
0011afb8 00000020 T gfxSwapBuffersGpu
0011afd8 0000001c T debug_write
0011aff4 000001b0 T consoleDrawChar
0011b1a4 00000124 T consolePrintChar
0011b2c8 00000190 t consoleCls
0011b458 000000f8 T consoleInit
0011b550 00000144 t consoleClearLine
0011b694 000000bc t newRow
0011b750 0000079c T con_write
0011beec 00000058 t getSysTime
0011bf44 0000004c T osConvertVirtToPhys
0011bf90 00000024 T osGetMemRegionUsed
0011bfb8 000000f4 T __libctru_gtod
0011c0b0 00000078 T osGetTime
0011c128 00000034 T __ctru_speedup_config
0011c15c 0000002c T GPUCMD_SetBuffer
0011c188 00000040 T GPUCMD_GetBuffer
0011c1c8 00000108 T GPUCMD_Add
0011c2d0 00000098 T GPUCMD_Finalize
0011c368 00000044 T f32tof24
0011c3ac 00000040 T f32tof31
0011c3ec 00000054 T GX_ProcessCommandList
0011c440 00000060 T GX_MemoryFill
0011c4a0 00000050 T GX_DisplayTransfer
0011c4f0 00000054 T GX_FlushCacheRegions
0011c544 00000038 T DVLB_Free
0011c57c 00000078 T DVLE_GetUniformRegister
0011c5f4 000001ec T DVLE_GenerateOutmap
0011c7e0 000001c0 T DVLB_ParseFile
0011c9a0 000001f4 T shaderInstanceInit
0011cb94 00000034 T shaderInstanceFree
0011cbc8 00000018 T shaderInstanceGetUniformLocation
0011cbe0 00000018 T shaderProgramInit
0011cbf8 0000002c T shaderProgramFree
0011cc24 0000006c T shaderProgramSetVsh
0011cc90 00000894 T shaderProgramConfigure
0011d524 00000070 T ptmSysmInit
0011d594 00000034 T ptmSysmExit
0011d5c8 00000034 T PTMSYSM_ConfigureNew3DSCPU
0011d5fc 000000d0 T hidExit
0011d6cc 00000234 T hidScanInput
0011d900 00000010 T hidKeysDown
0011d910 00000010 T hidKeysUp
0011d920 00000018 T hidTouchRead
0011d938 00000090 T HIDUSER_GetHandles
0011d9c8 0000018c T hidInit
0011db54 00000004 W _aptDebug
0011db58 00000130 T aptSendCommand
0011dc88 0000003c t aptExitProcess
0011dcc4 00000038 T aptHook
0011dcfc 0000002c T aptUnhook
0011dd28 0000004c T APT_InquireNotification
0011dd74 0000019c t aptEventHandler
0011df10 00000074 T APT_AppletUtility
0011df84 000000b4 T aptSetSleepAllowed
0011e038 000000b4 T APT_GlanceParameter
0011e0ec 000000c0 T APT_ReceiveParameter
0011e1ac 000000a8 t aptReceiveParameter.constprop.1
0011e258 000001ec t aptScreenTransfer
0011e444 00000228 t aptWaitForWakeUp
0011e66c 00000070 T APT_CancelParameter
0011e6dc 00000230 T aptInit
0011e90c 0000008c t aptClearParamQueue
0011e998 00000214 T aptMainLoop
0011ebac 00000148 T aptExit
0011ecf4 00000070 T APT_CheckNew3DS
0011ed64 00000160 t gspEventThreadMain
0011eec4 00000074 T gspInit
0011ef38 0000003c T gspExit
0011ef74 0000002c T gspSetEventCallback
0011efa0 00000088 T gspInitEventHandler
0011f028 00000030 T gspExitEventHandler
0011f058 00000044 T gspWaitForEvent
0011f09c 0000006c T gspWaitForAnyEvent
0011f108 00000124 T gspSubmitGxCommand
0011f22c 0000006c T GSPGPU_SetBufferSwap
0011f298 0000004c T GSPGPU_FlushDataCache
0011f2e4 00000034 T GSPGPU_SetLcdForceBlack
0011f318 00000064 T GSPGPU_RegisterInterruptRelayQueue
0011f37c 0000002c T GSPGPU_UnregisterInterruptRelayQueue
0011f3a8 00000048 T GSPGPU_AcquireRight
0011f3f0 0000002c T GSPGPU_ReleaseRight
0011f41c 00000080 T GSPGPU_ImportDisplayCaptureInfo
0011f49c 0000002c T GSPGPU_SaveVramSysArea
0011f4c8 0000002c T GSPGPU_RestoreVramSysArea
0011f4f4 000000b0 T irrstScanInput
0011f5a4 0000001c T irrstKeysHeld
0011f5c0 00000050 T IRRST_GetHandles
0011f610 00000150 T irrstInit
0011f760 0000002c T IRRST_Shutdown
0011f78c 000000ac T irrstExit
0011f838 00000070 T rbtree_find
0011f8a8 00000324 T rbtree_remove
0011fbcc 00000074 T rbtree_node_next
0011fc40 00000094 T rbtree_rotate
0011fcd4 0000018c t do_insert
0011fe60 00000008 T rbtree_insert
0011fe68 00000014 T rbtree_init
0011fe7c 000000e8 T __system_initArgv
0011ff64 00000058 t osGetMemRegionSize
0011ffbc 00000104 W __system_allocateHeaps
001200c0 00000038 W __libctru_init
001200f8 T svcControlMemory
00120118 T svcExitProcess
00120120 T svcCreateThread
00120140 T svcExitThread
00120148 T svcSleepThread
00120150 T svcReleaseMutex
00120158 T svcCreateEvent
0012016c T svcSignalEvent
00120174 T svcClearEvent
0012017c T svcMapMemoryBlock
00120184 T svcUnmapMemoryBlock
0012018c T svcCreateAddressArbiter
001201a0 T svcArbitrateAddress
001201b8 T svcCloseHandle
001201c0 T svcWaitSynchronization
001201c8 T svcWaitSynchronizationN
001201f0 T svcDuplicateHandle
00120204 T svcGetSystemTick
0012020c T svcGetSystemInfo
00120224 T svcConnectToPort
00120238 T svcSendSyncRequest
00120240 T svcBreak
00120248 T svcOutputDebugString
00120250 00000098 T MemPool::CoalesceRight(MemBlock*)
001202e8 00000178 T MemPool::Allocate(MemChunk&, unsigned long, int)
00120460 00000100 T MemPool::Deallocate(MemChunk const&)
00120560 00000024 t addrMapNodeComparator(rbtree_node const*, rbtree_node const*)
00120584 00000004 t addrMapNodeDestructor(rbtree_node*)
00120588 000000f4 T mappableAlloc
0012067c 00000050 T mappableFree
001206cc 000001bc T threadCreate
00120888 00000024 T threadJoin
001208ac 00000070 T threadExit
0012091c 00000040 t _thread_begin
0012095c 00000050 T srvExit
001209ac 00000038 T srvRegisterClient
001209e4 00000078 T srvInit
00120a5c 00000068 T srvGetServiceHandleDirect
00120ac4 00000038 T srvGetServiceHandle
00120afc 00000084 T envGetHandle
00120b80 0000004c T envDestroyHandles
00120bcc 00000034 t LightLock_Unlock.part.1
00120c00 0000000c T __sync_init
00120c0c 00000018 T __sync_fini
00120c24 00000010 T __sync_get_arbiter
00120c34 00000018 T LightLock_Init
00120c4c 000000a0 T LightLock_Lock
00120cec 00000034 T LightLock_TryLock
00120d20 00000020 T LightLock_Unlock
00120d40 00000024 T RecursiveLock_Init
00120d64 00000030 T RecursiveLock_Lock
00120d94 00000058 T RecursiveLock_TryLock
00120dec 00000038 T RecursiveLock_Unlock
00120e24 00000038 T LightEvent_Init
00120e5c 0000007c T LightEvent_Clear
00120ed8 000000dc T LightEvent_Signal
00120fb4 000000d0 T LightEvent_Wait
00121084 000000a4 W __libctru_exit
00121128 0000001c W __appExit
00121144 00000030 t __ctru_get_reent
00121174 000000e4 T __system_initSyscalls
00121258 0000001c W __appInit
00121274 00000010 t sdmc_link
00121284 00000010 t sdmc_dirreset
00121294 00000010 t sdmc_fchmod
001212a4 00000024 t error_cmp
001212c8 00000050 t sdmc_translate_error
00121318 00000034 t sdmc_fsync
0012134c 00000054 t sdmc_ftruncate
001213a0 000000b8 t sdmc_statvfs
00121458 00000038 t sdmc_dirclose
00121490 00000138 t sdmc_dirnext
001215c8 00000034 t sdmc_close
001215fc 00000074 t sdmc_fstat
00121670 000000d8 t sdmc_seek
00121748 00000084 t sdmc_read
001217cc 000000b8 t sdmc_write
00121884 000001b4 t sdmc_utf16path
00121a38 00000074 t sdmc_rmdir
00121aac 000000a4 t sdmc_diropen
00121b50 000000a0 t sdmc_chdir
00121bf0 00000098 t sdmc_mkdir
00121c88 00000108 t sdmc_rename
00121d90 00000074 t sdmc_unlink
00121e04 00000108 t sdmc_stat
00121f0c 00000188 t sdmc_open
00122094 00000010 t sdmc_chmod
001220a4 0000015c T sdmcInit
00122200 00000058 T sdmcExit
00122258 00000028 t fsSessionForArchive.part.0
00122280 000000c8 T fsInit
00122348 00000038 T fsExit
00122380 000000a0 T fsExemptFromSession
00122420 00000054 T fsUnexemptFromSession
00122474 000000bc T FSUSER_OpenFile
00122530 000000a4 T FSUSER_DeleteFile
001225d4 000000e0 T FSUSER_RenameFile
001226b4 000000a4 T FSUSER_DeleteDirectory
00122758 000000bc T FSUSER_CreateFile
00122814 000000ac T FSUSER_CreateDirectory
001228c0 000000e0 T FSUSER_RenameDirectory
001229a0 000000a4 T FSUSER_OpenDirectory
00122a44 00000098 T FSUSER_OpenArchive
00122adc 00000074 T FSUSER_CloseArchive
00122b50 00000078 T FSUSER_GetSdmcArchiveResource
00122bc8 00000064 T FSUSER_IsSdmcWritable
00122c2c 0000005c T FSFILE_Read
00122c88 00000064 T FSFILE_Write
00122cec 0000003c T FSFILE_GetSize
00122d28 0000002c T FSFILE_SetSize
00122d54 0000003c T FSFILE_Close
00122d90 00000024 T FSFILE_Flush
00122db4 00000054 T FSDIR_Read
00122e08 0000003c T FSDIR_Close
00122e44 000000c0 T utf8_to_utf16
00122f04 00000138 T decode_utf8
0012303c 000000e8 T utf16_to_utf8
00123124 00000104 T encode_utf8
00123228 00000068 T encode_utf16
00123290 T __aeabi_read_tp
0012329c 00000060 T decode_utf16
001232fc 000000c4 T cosf
001233c0 00000184 T floor
00123548 0000009c T frexp
001235e4 000000cc T sinf
001236b0 00000398 T pow
00123a48 000002e8 T __ieee754_rem_pio2f
00123d30 000008bc T __ieee754_pow
001245ec 00000214 T __ieee754_sqrt
00124800 00000124 T __kernel_cosf
00124924 00000898 T __kernel_rem_pio2f
001251bc 000000a0 T __kernel_sinf
0012525c 00000010 T fabs
0012526c 00000010 T fabsf
0012527c 000000bc T floorf
00125338 00000014 T finite
0012534c 00000114 T scalbnf
00125460 00000008 T matherr
00125468 00000010 T nan
00125478 00000178 T rint
001255f0 00000170 T scalbn
00125760 0000001c T copysign
0012577c 0000001c T copysignf
00125798 00000128 T __udivmoddi4
001258c0 00000014 T abort
001258d4 00000074 T bsearch
00125948 00000020 T calloc
00125968 00000090 T _calloc_r
001259f8 0000000c T __errno
00125a04 00000154 T _fclose_r
00125b58 00000254 T __sflush_r
00125dac 00000094 T _fflush_r
00125e40 00000038 T fflush
00125e78 0000000c T _cleanup_r
00125e84 00000080 t std.isra.0
00125f04 0000008c T __sinit
00125f90 0000000c T __sfp_lock_acquire
00125f9c 0000000c T __sfp_lock_release
00125fa8 00000040 T __libc_fini_array
00125fe8 0000003c T fprintf
00126024 00000094 T fputc
001260b8 000002d4 T _fread_r
0012638c 00000038 T fread
001263c4 000000f8 T _malloc_trim_r
001264bc 000002e4 T _free_r
001267a0 00000078 T _fwalk
00126818 00000080 T _fwalk_reent
00126898 00000078 T __libc_init_array
00126910 00000094 T __swhatbuf_r
001269a4 000000f4 T __smakebuf_r
00126a98 00000020 T memalign
00126ab8 00000158 T _memalign_r
00126c10 00000018 T malloc
00126c28 00000018 T free
00126c40 0000078c T _malloc_r
001273cc 00000104 T memchr
001274d0 000000e8 T memcmp
001275b8 00000114 T memcpy
001276cc 00000110 T memset
001277dc 0000000c T __malloc_lock
001277e8 0000000c T __malloc_unlock
001277f4 00000038 T printf
0012782c 000000d4 T _putc_r
00127900 0000001c t lflush
0012791c 000001b4 T __srefill_r
00127ad0 00000258 T setvbuf
00127d28 000000a0 T _raise_r
00127dc8 00000018 T raise
00127de0 00000074 T sscanf
00127e54 0000003c T __sread
00127e90 00000008 T __seofread
00127e98 00000064 T __swrite
00127efc 0000004c T __sseek
00127f48 00000008 T __sclose
00127f50 0000005c T strlen
00127fac 0000009c T strncat
00128048 000000d8 T strncpy
00128120 00000054 t sulp
00128178 00001434 T _strtod_l
001295ac 0000003c T _strtod_r
001295e8 0000290c T __ssvfscanf_r
0012bef4 0000001c t __sprint_r.part.0
0012bf10 0000001c T __sprint_r
0012bf2c 00001624 t get_arg
0012d550 00004314 T _vfprintf_r
00131864 000000cc t __sbprintf
00131930 00000108 T __swbuf_r
00131a38 000000a0 T _wcrtomb_r
00131ad8 00000020 T _wcsrtombs_r
00131af8 00000144 T __swsetup_r
00131c3c 000001d0 t quorem
00131e10 00001260 T _dtoa_r
00133070 000004ac T __sfvwrite_r
0013351c 000000f0 t rshift
0013360c 000007f4 T __gethex
00133e00 00000064 T __match
00133e64 00000264 T __hexnan
001340c8 00000074 T iswspace
0013413c 00000204 t __jp2uc
00134340 000000c8 T _jp2uc
00134408 00000008 T __localeconv_l
00134410 00000024 T _localeconv_r
00134434 00000024 T __locale_mb_cur_max
00134458 00000008 T __locale_ctype_ptr_l
00134460 00000024 T __locale_ctype_ptr
00134484 000000b4 T _mbrtowc_r
00134538 00000300 T __utf8_mbtowc
00134838 00000148 T memmove
00134980 00000088 T _Balloc
00134a08 0000001c T _Bfree
00134a24 000000d8 T __multadd
00134afc 000000f0 T __s2b
00134bec 00000058 T __hi0bits
00134c44 0000009c T __lo0bits
00134ce0 00000020 T __i2b
00134d00 000001cc T __multiply
00134ecc 00000100 T __pow5mult
00134fcc 000000e4 T __lshift
001350b0 00000060 T __mcmp
00135110 00000198 T __mdiff
001352a8 00000078 T __ulp
00135320 000000d4 T __b2d
001353f4 00000108 T __d2b
001354fc 0000007c T __ratio
00135578 0000006c T __copybits
001355e4 00000080 T __any_on
00135664 000004cc T _realloc_r
00135b30 000000cc T __sccl
00135bfc 0000000c T nanf
00135c08 00000068 T sprintf
00135c70 00000100 T stpncpy
00135d70 000001ac T strchr
00135f1c 00000108 T strncmp
00136024 000002dc t _strtoll_l.isra.0
00136300 00000050 T _strtoll_r
00136350 00000220 t _strtol_l.isra.0
00136570 00000050 T _strtol_r
001365c0 00000268 t _strtoull_l.isra.0
00136828 00000050 T _strtoull_r
00136878 000001e4 t _strtoul_l.isra.0
00136a5c 00000050 T _strtoul_r
00136aac 00000188 T __ssprint_r
00136c34 000000e8 T _sungetc_r
00136d1c 0000006c T __ssrefill_r
00136d88 000000d0 T _sfread_r
00136e58 00001624 t get_arg
00138480 000041c4 T _svfprintf_r
0013c644 000000a8 T __submore
0013c6ec 00000174 T _wcsnrtombs_l
0013c860 00000064 T _wcsnrtombs_r
0013c8c4 000000e8 T __utf8_wctomb
0013c9ac 00000008 t null_write
0013c9b4 00000018 T setDefaultDevice
0013c9cc 000000cc T FindDevice
0013ca98 00000028 T RemoveDevice
0013cac0 00000098 T AddDevice
0013cb58 00000084 T _close_r
0013cbdc 0000007c T _fstat_r
0013cc58 00000010 T _getpid_r
0013cc68 00000008 T _isatty_r
0013cc70 00000010 T _kill_r
0013cc80 00000090 T _lseek_r
0013cd10 00000088 T _read_r
0013cd98 00000070 T _sbrk_r
0013ce08 00000088 T _write_r
0013ce90 00000024 T _exit
0013ceb4 000001d4 T _concatenate_path
0013d088 0000015c T chdir
0013d1e4 00000008 T __flockfile
0013d1ec 00000008 T __funlockfile
0013d1f4 00000018 T __libc_lock_acquire
0013d20c 00000018 T __libc_lock_release
0013d224 00000018 T __libc_lock_init_recursive
0013d23c 00000018 T __libc_lock_acquire_recursive
0013d254 00000018 T __libc_lock_release_recursive
0013d26c 00000018 T __libc_lock_close_recursive
0013d284 0000004c T __free_handle
0013d2d0 00000040 T __release_handle
0013d310 00000018 T __get_handle
0013d328 00000028 T __getreent
0013d350 0000005c T strnlen
0013d3ac 00000044 T strrchr
0013d3f0 T _fini
0013e000 R fidgspin_png
00144180 R fidgspin_png_end
00144180 R fidgspin_png_size
00144184 R topscr_png
0014718c R topscr_png_end
0014718c R topscr_png_size
00147198 00000030 r short_months.9538
001471c8 00000020 r CSWTCH.116
001471e8 00000020 r CSWTCH.117
00147208 00000020 r sRGB_xy
00147228 00000024 r sRGB_XYZ.9728
0014724c 0000000c r D50_nCIEXYZ
00147258 000000e0 r png_sRGB_checks
00147338 00000200 R png_sRGB_delta
00147538 00000400 R png_sRGB_base
00147938 00000200 R png_sRGB_table
00147b38 00000010 r png_digit
00147b48 00000011 r digits.9448
00147b5c 00000048 r display_mask.9821
00147ba4 00000090 r row_mask.9820
00147c34 0000001c r png_pass_inc.9865
00147c50 00000007 r png_pass_yinc.10051
00147c58 00000007 r png_pass_ystart.10050
00147c60 00000007 r png_pass_inc.10049
00147c60 00000007 r png_pass_inc.10058
00147c68 00000007 r png_pass_start.10048
00147c68 00000007 r png_pass_start.10057
00147c70 00000100 r onebppswaptable
00147d70 00000100 r twobppswaptable
00147e70 00000100 r fourbppswaptable
00147f70 00002000 r crc_table
00149f70 00000800 r lenfix.6883
0014a770 00000080 r distfix.6884
0014a7f0 00000026 r order.6912
0014a818 00000040 r dext.6798
0014a858 00000040 r dbase.6797
0014a898 0000003e r lext.6796
0014a8d8 0000003e r lbase.6795
0014a918 0000002f R inflate_copyright
0014a948 00000010 r CSWTCH.23
0014a958 R shader_shbin
0014aaa4 R shader_shbin_end
0014aaa4 R shader_shbin_size
0014aaa8 00000038 r CSWTCH.2
0014aae0 00000003 r parm.12748
0014aae4 00000004 r CSWTCH.7
0014aae8 00000005 r colorFmtSizes
0014aaf0 00000004 r depthFmtSizes
0014aaf4 00000014 r CSWTCH.26
0014ab08 00000008 r framebufferInfoSt
0014ab10 00000068 r dotab_3dmoo
0014ab78 00000068 r dotab_stdout
0014abe0 00000068 r dotab_null
0014ac48 00000030 r colorTable
0014ac78 0000000c r serviceNameTable.7434
0014ac84 R default_font_bin
0014b484 R default_font_bin_end
0014b484 R default_font_bin_size
0014b488 00000030 r error_table
0014b948 r .LC2
0014daf8 00000080 r npio2_hw
0014db78 00000318 r two_over_pi
0014de90 0000002c r PIo2
0014debc 0000000c r init_jk
0014dec8 00000010 r TWO52
0014ded8 00000004 R _global_impure_ptr
0014deec 00000014 r fpi.7277
0014df00 00000014 r fpinan.7313
0014df18 00000028 r tinytens
0014df48 00000022 r basefix.8441
0014dfac 00000010 r blanks.8415
0014dfbc 00000010 r zeroes.8416
0014dfdc 00000100 R __hexdig
0014e0f0 000000bc r a1
0014e1ac 000000bc r a2
0014e268 0000005b r a3
0014e2c4 00000070 r a6
0014e334 000000a2 r a7
0014e3d8 00000040 r a8
0014e418 0000172a r b02cf
0014fb44 00001a7c r d02f4
00151608 00000028 R __mprec_bigtens
00151630 000000c8 R __mprec_tens
001516f8 0000000c r p05.7191
00151704 0000006c R __action_table
00151770 00000100 R __chclass
00151870 0000006c R __state_table
001518dc 00000010 r blanks.8400
001518ec 00000010 r zeroes.8401
001518fc 00000101 R _ctype_
00151a08 00000068 R dotab_stdnull
00151a70 00000003 R DIRECTORY_PARENT
00151a74 r __EH_FRAME_BEGIN__
00151a74 R __exidx_end
00151a74 R __exidx_start
00152000 00000004 d useTransform_desc
00152004 00000004 d transform_desc
00152008 00000004 d vblank_wait
0015200c 00000004 d projection_desc
00152010 00000001 d topFormat
00152011 00000001 d botFormat
00152014 00000008 d doubleBuf
0015201c 0000004c D defaultConsole
00152068 00000004 D currentConsole
0015206c 00000001 d firstConsoleInit.7754
00152070 00000004 d aptFlags
00152074 00000004 d gspLastEvent
00152078 00000004 V __ctru_linear_heap_size
0015207c W __stacksize__
00152080 00000401 d __cwd
00152484 00000068 d sdmc_devoptab
001524ec 00000001 D __fdlib_version
001524f0 0000000c d __sfp_lock
001524fc 0000000c d __sinit_lock
00152508 00000004 D _impure_ptr
00152510 00000460 d impure_data
00152970 00000408 D __malloc_av_
00152d78 00000004 D __malloc_sbrk_base
00152d7c 00000004 D __malloc_trim_threshold
00152d80 0000000c d __malloc_lock_object
00152d8c 0000016c D __global_locale
00152ef8 00000004 d defaultDevice
00152efc 00000040 D devoptab_list
00152f3c 00001000 d _current_working_directory
00153f3c 00000004 d __hndl_lock
00153f40 0000000c d __stderr_handle
00153f4c 0000000c d __stdin_handle
00153f58 0000000c d __stdout_handle
00153f64 00001000 d handles
00154f64 t __frame_dummy_init_array_entry
00154f64 T __init_array_start
00154f64 d __JCR_LIST__
00154f64 B __preinit_array_end
00154f64 B __preinit_array_start
00154f64 D __tdata_lma
00154f64 D __tdata_lma_end
00154f64 D __TMC_END__
00154f64 d __TMC_LIST__
00154f68 t __do_global_dtors_aux_fini_array_entry
00154f68 T __fini_array_start
00154f68 T __init_array_end
00154f6c T __bss_start__
00154f6c T __fini_array_end
00154f70 00000004 b sf2d_initialized
00154f74 00000004 b pool_addr
00154f78 00000014 b shader
00154f8c 00000004 b dvlb
00154f90 00000004 b in_render
00154f94 00000004 b pool_index
00154f98 00000001 b cur_screen
00154f99 00000001 b cur_side
00154f9c 00000004 b targetTopLeft
00154fa0 00000004 b targetTopRight
00154fa4 00000004 b targetBottom
00154fa8 00000004 b frames
00154fb0 00000008 b last_time
00154fb8 00000004 b current_fps
00154fbc 00000004 b pool_size
00154fc0 00000018 b C3Di_ShaderFVecData
00154fd8 000000c0 b C3Di_FVUnifEverDirty
00155098 00000008 b C3Di_IVUnifEverDirty
001550a0 00000001 b queuedCount
001550a4 00000004 b transferQueue
001550a8 00000004 b clearQueue
001550ac 00000001 b inSafeTransfer
001550b0 0000000c b linkedTarget
001550bc 0000004c b temp.13412
00155108 00000001 b inSafeClear
00155109 00000001 b queueSwap
0015510c 00000020 b queuedFrame
0015512c 00000001 b queuedState
0015512d 00000001 b inFrame
00155130 00000004 b lastTarget
00155134 00000004 b firstTarget
00155138 0000000c b hookCookie
00155144 00000008 b sLinearPool
0015514c 0000000c b sAddrMap
00155158 00000008 b sVramPool
00155160 0000000c b sAddrMap
0015516c 00000001 b enable3d
00155170 00000004 b screenAlloc
00155174 00000004 b screenFree
00155178 00000002 b currentBuffer
0015517a 00000001 V __ctru_speedup
0015517c 00000004 b ptmSysmRefCount
00155180 00000004 b ptmSysmHandle
00155184 00000004 b hidRefCount
00155188 00000004 b kOld
0015518c 00000004 b kHeld
00155190 00000004 b cPos
00155194 00000004 b tPos
00155198 00000006 b aVec
001551a0 00000006 b gRate
001551a8 00000004 b kDown
001551ac 00000004 b kUp
001551b0 00000004 b aptLockHandle
001551b4 00000004 b serviceName.7433
001551b8 0000000c b aptFirstHook
001551c4 00000004 b aptMessageFunc
001551c8 00000004 b aptMessageFuncData
001551cc 0000000c b aptEvents
001551d8 00000001 b aptHomeButtonState
001551dc 00000008 b aptSleepEvent
001551e4 00001000 b aptParameters
001561e4 00000004 b aptRefCount
001561e8 00000004 b aptEventHandlerThread
001561ec 00000001 b flagInit.7784
001561ed 00000001 b flagValue.7785
001561f0 00000001 b gspRunEvents
001561f4 00000004 b gspEvent
001561f8 00000004 b gspEventData
001561fc 0000001c b gspEventCb
00156218 00000007 b gspEventCbOneShot
00156220 0000001c b gspEventCbData
0015623c 00000038 b gspEvents
00156274 0000001c b gspEventCounts
00156290 00000004 b gspRefCount
00156294 00000004 b gspEventThread
00156298 00000004 b irrstRefCount
0015629c 00000004 b kHeld
001562a0 00000004 b csPos
001562a4 00000004 V __ctru_heap_size
001562a8 b saved_stack
001562b0 00000008 b sMappablePool
001562b8 0000000c b sAddrMap
001562c4 00000004 b srvRefCount
001562c8 00000004 b srvHandle
001562cc 00000004 b arbiter
001562d0 00000008 b sdmcArchive
001562d8 00000001 b sdmcInitialised
001562e0 00000004 b fsuHandle
001562e4 00000004 b fsuRefCount
001562e8 00000080 b fsExemptArchives
00156368 b completed.7620
0015636c b object.7625
00156384 00000028 B __malloc_current_mallinfo
001563ac 00000004 B __malloc_max_sbrked_mem
001563b0 00000004 B __malloc_max_total_mem
001563b4 00000004 B __malloc_top_pad
001563b8 00000004 b heap_start.6927
001563bc 00000004 B fake_heap_end
001563c0 00000004 B fake_heap_start
001563c4 00001000 b temp_cwd
001573c4 00000038 B __syscalls
001573fc 00000020 B C3D_IVUnif
0015741c 000000c0 B C3D_FVUnifDirty
001574dc 00000002 B C3D_BoolUnifsDirty
001574e0 00000008 B C3D_IVUnifDirty
001574e8 00000004 B C3D_BoolUnifs
001574ec 00000c00 B C3D_FVUnif
001580f0 00000278 B __C3D_Context
00158368 00000008 B gfxBottomFramebuffers
00158370 00000004 B gspSharedMemHandle
00158374 0000001c B bottomFramebufferInfo
00158390 00000004 B gspEvent
00158394 00000008 B gfxTopLeftFramebuffers
0015839c 00000008 B gfxTopRightFramebuffers
001583a4 0000001c B topFramebufferInfo
001583c0 00000001 B gfxThreadID
001583c4 00000004 B gfxSharedMemory
001583c8 00000004 B gfxTopFramebufferMaxSize
001583cc 00000004 B gfxBottomFramebufferMaxSize
001583d0 0000004c B currentCopy
0015841c 00000004 B gpuCmdBuf
00158420 00000004 B gpuCmdBufOffset
00158424 00000004 B gpuCmdBufSize
00158428 00000004 B gxCmdBuf
0015842c 00000004 B hidMemHandle
00158430 00000004 B hidHandle
00158434 00000004 B hidSharedMem
00158438 00000014 B hidEvents
0015844c 00000004 B gspGpuHandle
00158450 00000004 B irrstHandle
00158454 00000004 B irrstEvent
00158458 00000004 B irrstMemHandle
0015845c 00000004 B irrstSharedMem
00158460 00000004 B __system_argv
00158464 00000004 B __system_argc
00158468 00000004 B __ctru_linear_heap
0015846c 00000004 B __ctru_heap
00158470 00000004 B __system_retAddr
00158474 B __tls_start
0015b880 B __bss_end__
0015b880 A __end__
0015b880 B __tls_end
